[2022-04-14 20:35:13Z INFO HostContext] No proxy settings were found based on environmental variables (http_proxy/https_proxy/HTTP_PROXY/HTTPS_PROXY)
[2022-04-14 20:35:13Z INFO HostContext] Well known directory 'Bin': 'C:\Users\onose\Desktop\ci-cd-testing-gh-actions\actions-runner\bin'
[2022-04-14 20:35:13Z INFO HostContext] Well known directory 'Root': 'C:\Users\onose\Desktop\ci-cd-testing-gh-actions\actions-runner'
[2022-04-14 20:35:13Z INFO HostContext] Well known config file 'Credentials': 'C:\Users\onose\Desktop\ci-cd-testing-gh-actions\actions-runner\.credentials'
[2022-04-14 20:35:14Z INFO HostContext] Well known directory 'Bin': 'C:\Users\onose\Desktop\ci-cd-testing-gh-actions\actions-runner\bin'
[2022-04-14 20:35:14Z INFO HostContext] Well known directory 'Root': 'C:\Users\onose\Desktop\ci-cd-testing-gh-actions\actions-runner'
[2022-04-14 20:35:14Z INFO HostContext] Well known config file 'Runner': 'C:\Users\onose\Desktop\ci-cd-testing-gh-actions\actions-runner\.runner'
[2022-04-14 20:35:14Z INFO Listener] Runner is built for Windows (X64) - win-x64.
[2022-04-14 20:35:14Z INFO Listener] RuntimeInformation: Microsoft Windows 10.0.22000.
[2022-04-14 20:35:14Z INFO Listener] Version: 2.289.2
[2022-04-14 20:35:14Z INFO Listener] Commit: 529e404063bef464e93475d93affe93f97080dd1
[2022-04-14 20:35:14Z INFO Listener] Culture: en-CA
[2022-04-14 20:35:14Z INFO Listener] UI Culture: en-US
[2022-04-14 20:35:14Z INFO HostContext] Well known directory 'Bin': 'C:\Users\onose\Desktop\ci-cd-testing-gh-actions\actions-runner\bin'
[2022-04-14 20:35:14Z INFO HostContext] Well known directory 'Root': 'C:\Users\onose\Desktop\ci-cd-testing-gh-actions\actions-runner'
[2022-04-14 20:35:14Z INFO Listener] Validating directory permissions for: 'C:\Users\onose\Desktop\ci-cd-testing-gh-actions\actions-runner'
[2022-04-14 20:35:14Z INFO CommandLineParser] Parse
[2022-04-14 20:35:14Z INFO CommandLineParser] Parsing 1 args
[2022-04-14 20:35:14Z INFO CommandLineParser] parsing argument
[2022-04-14 20:35:14Z INFO CommandLineParser] HasArgs: False
[2022-04-14 20:35:14Z INFO CommandLineParser] Adding Command: run
[2022-04-14 20:35:14Z INFO Listener] Arguments parsed
[2022-04-14 20:35:14Z INFO Runner] ExecuteCommand
[2022-04-14 20:35:14Z INFO ConfigurationStore] currentAssemblyLocation: C:\Users\onose\Desktop\ci-cd-testing-gh-actions\actions-runner\bin\Runner.Listener.dll
[2022-04-14 20:35:14Z INFO HostContext] Well known directory 'Bin': 'C:\Users\onose\Desktop\ci-cd-testing-gh-actions\actions-runner\bin'
[2022-04-14 20:35:14Z INFO ConfigurationStore] binPath: C:\Users\onose\Desktop\ci-cd-testing-gh-actions\actions-runner\bin
[2022-04-14 20:35:14Z INFO HostContext] Well known directory 'Bin': 'C:\Users\onose\Desktop\ci-cd-testing-gh-actions\actions-runner\bin'
[2022-04-14 20:35:14Z INFO HostContext] Well known directory 'Root': 'C:\Users\onose\Desktop\ci-cd-testing-gh-actions\actions-runner'
[2022-04-14 20:35:14Z INFO ConfigurationStore] RootFolder: C:\Users\onose\Desktop\ci-cd-testing-gh-actions\actions-runner
[2022-04-14 20:35:14Z INFO HostContext] Well known directory 'Bin': 'C:\Users\onose\Desktop\ci-cd-testing-gh-actions\actions-runner\bin'
[2022-04-14 20:35:14Z INFO HostContext] Well known directory 'Root': 'C:\Users\onose\Desktop\ci-cd-testing-gh-actions\actions-runner'
[2022-04-14 20:35:14Z INFO HostContext] Well known config file 'Runner': 'C:\Users\onose\Desktop\ci-cd-testing-gh-actions\actions-runner\.runner'
[2022-04-14 20:35:14Z INFO ConfigurationStore] ConfigFilePath: C:\Users\onose\Desktop\ci-cd-testing-gh-actions\actions-runner\.runner
[2022-04-14 20:35:14Z INFO HostContext] Well known directory 'Bin': 'C:\Users\onose\Desktop\ci-cd-testing-gh-actions\actions-runner\bin'
[2022-04-14 20:35:14Z INFO HostContext] Well known directory 'Root': 'C:\Users\onose\Desktop\ci-cd-testing-gh-actions\actions-runner'
[2022-04-14 20:35:14Z INFO HostContext] Well known config file 'Credentials': 'C:\Users\onose\Desktop\ci-cd-testing-gh-actions\actions-runner\.credentials'
[2022-04-14 20:35:14Z INFO ConfigurationStore] CredFilePath: C:\Users\onose\Desktop\ci-cd-testing-gh-actions\actions-runner\.credentials
[2022-04-14 20:35:14Z INFO HostContext] Well known directory 'Bin': 'C:\Users\onose\Desktop\ci-cd-testing-gh-actions\actions-runner\bin'
[2022-04-14 20:35:14Z INFO HostContext] Well known directory 'Root': 'C:\Users\onose\Desktop\ci-cd-testing-gh-actions\actions-runner'
[2022-04-14 20:35:14Z INFO HostContext] Well known config file 'MigratedCredentials': 'C:\Users\onose\Desktop\ci-cd-testing-gh-actions\actions-runner\.credentials_migrated'
[2022-04-14 20:35:14Z INFO ConfigurationStore] MigratedCredFilePath: C:\Users\onose\Desktop\ci-cd-testing-gh-actions\actions-runner\.credentials_migrated
[2022-04-14 20:35:14Z INFO HostContext] Well known directory 'Bin': 'C:\Users\onose\Desktop\ci-cd-testing-gh-actions\actions-runner\bin'
[2022-04-14 20:35:14Z INFO HostContext] Well known directory 'Root': 'C:\Users\onose\Desktop\ci-cd-testing-gh-actions\actions-runner'
[2022-04-14 20:35:14Z INFO HostContext] Well known config file 'Service': 'C:\Users\onose\Desktop\ci-cd-testing-gh-actions\actions-runner\.service'
[2022-04-14 20:35:14Z INFO ConfigurationStore] ServiceConfigFilePath: C:\Users\onose\Desktop\ci-cd-testing-gh-actions\actions-runner\.service
[2022-04-14 20:35:14Z INFO CommandSettings] Flag 'help': 'False'
[2022-04-14 20:35:14Z INFO CommandSettings] Flag 'version': 'False'
[2022-04-14 20:35:14Z INFO CommandSettings] Flag 'commit': 'False'
[2022-04-14 20:35:14Z INFO CommandSettings] Flag 'check': 'False'
[2022-04-14 20:35:14Z INFO CommandSettings] Command 'configure': 'False'
[2022-04-14 20:35:14Z INFO CommandSettings] Command 'remove': 'False'
[2022-04-14 20:35:14Z INFO CommandSettings] Command 'warmup': 'False'
[2022-04-14 20:35:14Z INFO ConfigurationManager] LoadSettings
[2022-04-14 20:35:14Z INFO ConfigurationStore] IsConfigured()
[2022-04-14 20:35:14Z INFO ConfigurationStore] IsConfigured: True
[2022-04-14 20:35:14Z INFO ConfigurationManager] Is configured: True
[2022-04-14 20:35:14Z INFO ConfigurationStore] Read setting file: 319 chars
[2022-04-14 20:35:14Z INFO ConfigurationManager] Settings Loaded
[2022-04-14 20:35:14Z INFO ConfigurationStore] IsServiceConfigured()
[2022-04-14 20:35:14Z INFO ConfigurationStore] IsServiceConfigured: False
[2022-04-14 20:35:14Z INFO CommandSettings] Command 'run': 'True'
[2022-04-14 20:35:14Z INFO ConfigurationStore] IsConfigured()
[2022-04-14 20:35:14Z INFO ConfigurationStore] IsConfigured: True
[2022-04-14 20:35:14Z INFO ConfigurationManager] Is configured: True
[2022-04-14 20:35:14Z INFO Runner] Could not parse the argument value '' for StartupType. Defaulting to Manual
[2022-04-14 20:35:14Z INFO Runner] Set runner startup type - Manual
[2022-04-14 20:35:14Z INFO CommandSettings] Flag 'once': 'False'
[2022-04-14 20:35:14Z INFO CommandSettings] Flag 'once': 'False'
[2022-04-14 20:35:14Z INFO Runner] RunAsync
[2022-04-14 20:35:14Z INFO ConfigurationManager] LoadSettings
[2022-04-14 20:35:14Z INFO ConfigurationStore] IsConfigured()
[2022-04-14 20:35:14Z INFO ConfigurationStore] IsConfigured: True
[2022-04-14 20:35:14Z INFO ConfigurationManager] Is configured: True
[2022-04-14 20:35:14Z INFO ConfigurationManager] Settings Loaded
[2022-04-14 20:35:14Z INFO MessageListener] {
  "AgentId": 2,
  "AgentName": "DESKTOP-7J6CBI9",
  "PoolId": 1,
  "PoolName": "Default",
  "ServerUrl": "https://pipelines.actions.githubusercontent.com/GWqfNwUn0RmWEikrCP3r9iDbkP7q9uHQeh7NKNPGQwoWatqbSE",
  "GitHubUrl": "https://github.com/OnosenAziegbe/ci-cd-testing-gh-actions",
  "WorkFolder": "deploy"
}
[2022-04-14 20:35:14Z INFO MessageListener] Loading Credentials
[2022-04-14 20:35:14Z INFO ConfigurationStore] HasCredentials()
[2022-04-14 20:35:14Z INFO ConfigurationStore] stored True
[2022-04-14 20:35:14Z INFO CredentialManager] GetCredentialProvider
[2022-04-14 20:35:14Z INFO CredentialManager] Creating type OAuth
[2022-04-14 20:35:14Z INFO CredentialManager] Creating credential type: OAuth
[2022-04-14 20:35:14Z INFO HostContext] Well known directory 'Bin': 'C:\Users\onose\Desktop\ci-cd-testing-gh-actions\actions-runner\bin'
[2022-04-14 20:35:14Z INFO HostContext] Well known directory 'Root': 'C:\Users\onose\Desktop\ci-cd-testing-gh-actions\actions-runner'
[2022-04-14 20:35:14Z INFO HostContext] Well known config file 'RSACredentials': 'C:\Users\onose\Desktop\ci-cd-testing-gh-actions\actions-runner\.credentials_rsaparams'
[2022-04-14 20:35:14Z INFO RSAEncryptedFileKeyManager] Loading RSA key parameters from file C:\Users\onose\Desktop\ci-cd-testing-gh-actions\actions-runner\.credentials_rsaparams
[2022-04-14 20:35:14Z INFO MessageListener] Attempt to create session.
[2022-04-14 20:35:14Z INFO MessageListener] Connecting to the Runner Server...
[2022-04-14 20:35:14Z INFO RunnerServer] Establish connection with 100 seconds timeout.
[2022-04-14 20:35:14Z INFO GitHubActionsService] Starting operation Location.GetConnectionData
[2022-04-14 20:35:14Z INFO RunnerServer] Establish connection with 60 seconds timeout.
[2022-04-14 20:35:14Z INFO GitHubActionsService] Starting operation Location.GetConnectionData
[2022-04-14 20:35:14Z INFO RunnerServer] Establish connection with 60 seconds timeout.
[2022-04-14 20:35:14Z INFO GitHubActionsService] Starting operation Location.GetConnectionData
[2022-04-14 20:35:15Z INFO GitHubActionsService] Finished operation Location.GetConnectionData
[2022-04-14 20:35:15Z INFO GitHubActionsService] Finished operation Location.GetConnectionData
[2022-04-14 20:35:15Z INFO GitHubActionsService] Finished operation Location.GetConnectionData
[2022-04-14 20:35:15Z INFO MessageListener] VssConnection created
[2022-04-14 20:35:15Z INFO Terminal] WRITE LINE: 
[2022-04-14 20:35:15Z INFO Terminal] WRITE LINE: 
[2022-04-14 20:35:15Z WARN GitHubActionsService] Authentication failed with status code 401.
Transfer-Encoding: chunked
WWW-Authenticate: Bearer
Strict-Transport-Security: max-age=2592000
X-TFS-ProcessId: 657c5eb0-82b4-4431-9a26-cc333407ef5b
ActivityId: 87513678-c0aa-4523-8d05-9b31e2d14eb5
X-TFS-Session: da3c4529-1725-4689-97bc-0185a1b1c808
X-VSS-E2EID: f9d427a4-c45e-4938-9c25-f2ad1fa63c0d
X-VSS-SenderDeploymentId: 63be6134-28d1-8c82-e969-91f4e88fcdec
X-TFS-ServiceError: The+user+%27System%3aPublicAccess%3baaaaaaaa-aaaa-aaaa-aaaa-aaaaaaaaaaaa%27+is+not+authorized+to+access+this+resource.
X-VSS-S2STargetService: 0000005A-0000-8888-8000-000000000000/visualstudio.com
X-Cache: CONFIG_NOCACHE
X-MSEdge-Ref: Ref A: 0AB458255E764C25920554CFBF84122D Ref B: YTO01EDGE0816 Ref C: 2022-04-14T20:35:15Z
Date: Thu, 14 Apr 2022 20:35:14 GMT

[2022-04-14 20:35:15Z INFO RSAEncryptedFileKeyManager] Loading RSA key parameters from file C:\Users\onose\Desktop\ci-cd-testing-gh-actions\actions-runner\.credentials_rsaparams
[2022-04-14 20:35:15Z INFO RSAEncryptedFileKeyManager] Loading RSA key parameters from file C:\Users\onose\Desktop\ci-cd-testing-gh-actions\actions-runner\.credentials_rsaparams
[2022-04-14 20:35:15Z INFO GitHubActionsService] AAD Correlation ID for this token request: Unknown
[2022-04-14 20:35:15Z INFO MessageListener] Session created.
[2022-04-14 20:35:15Z INFO Terminal] WRITE LINE: Current runner version: '2.289.2'
[2022-04-14 20:35:15Z INFO Terminal] WRITE LINE: 2022-04-14 20:35:15Z: Listening for Jobs
[2022-04-14 20:35:15Z INFO JobDispatcher] Set runner/worker IPC timeout to 30 seconds.
[2022-04-14 20:35:20Z INFO RSAEncryptedFileKeyManager] Loading RSA key parameters from file C:\Users\onose\Desktop\ci-cd-testing-gh-actions\actions-runner\.credentials_rsaparams
[2022-04-14 20:35:20Z INFO MessageListener] Message '1' received from session '027b1ee2-eb31-4dcb-9860-fec1f5b84a88'.
[2022-04-14 20:35:20Z INFO Runner] Received job message of length 21751 from service, with hash '7dd2bbe8d01886e4cc8b616b34d534651876f724800c2c69dc0f4127fbd10ce8'
[2022-04-14 20:35:20Z INFO JobDispatcher] Job request 1 for plan b53f9e1a-81fc-4028-9053-01c0e3031597 job c269f388-e93f-55df-e42c-8ad0a472b48b received.
[2022-04-14 20:35:20Z INFO JobDispatcher] Pull OrchestrationId b53f9e1a-81fc-4028-9053-01c0e3031597.build._16_x from JWT claims
[2022-04-14 20:35:20Z INFO Terminal] WRITE LINE: 2022-04-14 20:35:20Z: Running job: build (16.x)
[2022-04-14 20:35:20Z INFO JobDispatcher] Start renew job request 1 for job c269f388-e93f-55df-e42c-8ad0a472b48b.
[2022-04-14 20:35:20Z INFO JobDispatcher] Successfully renew job request 1, job is valid till 2022-04-14 8:45:20 PM
[2022-04-14 20:35:20Z INFO HostContext] Well known directory 'Bin': 'C:\Users\onose\Desktop\ci-cd-testing-gh-actions\actions-runner\bin'
[2022-04-14 20:35:20Z INFO ProcessInvokerWrapper] Starting process:
[2022-04-14 20:35:20Z INFO ProcessInvokerWrapper]   File name: 'C:\Users\onose\Desktop\ci-cd-testing-gh-actions\actions-runner\bin\Runner.Worker.exe'
[2022-04-14 20:35:20Z INFO ProcessInvokerWrapper]   Arguments: 'spawnclient 2172 2192'
[2022-04-14 20:35:20Z INFO ProcessInvokerWrapper]   Working directory: 'C:\Users\onose\Desktop\ci-cd-testing-gh-actions\actions-runner\bin'
[2022-04-14 20:35:20Z INFO ProcessInvokerWrapper]   Require exit code zero: 'False'
[2022-04-14 20:35:20Z INFO ProcessInvokerWrapper]   Encoding web name:  ; code page: ''
[2022-04-14 20:35:20Z INFO ProcessInvokerWrapper]   Force kill process on cancellation: 'True'
[2022-04-14 20:35:20Z INFO ProcessInvokerWrapper]   Redirected STDIN: 'False'
[2022-04-14 20:35:20Z INFO ProcessInvokerWrapper]   Persist current code page: 'False'
[2022-04-14 20:35:20Z INFO ProcessInvokerWrapper]   Keep redirected STDIN open: 'False'
[2022-04-14 20:35:20Z INFO ProcessInvokerWrapper]   High priority process: 'True'
[2022-04-14 20:35:20Z INFO ProcessInvokerWrapper] Process started with process id 36096, waiting for process exit.
[2022-04-14 20:35:20Z INFO JobDispatcher] Send job request message to worker for job c269f388-e93f-55df-e42c-8ad0a472b48b.
[2022-04-14 20:35:20Z INFO ProcessChannel] Sending message of length 21751, with hash '7dd2bbe8d01886e4cc8b616b34d534651876f724800c2c69dc0f4127fbd10ce8'
[2022-04-14 20:35:21Z INFO JobNotification] Entering JobStarted Notification
[2022-04-14 20:35:21Z INFO JobNotification] Entering StartMonitor
[2022-04-14 20:36:21Z INFO JobDispatcher] Successfully renew job request 1, job is valid till 2022-04-14 8:46:21 PM
[2022-04-14 20:37:03Z INFO ProcessInvokerWrapper] STDOUT/STDERR stream read finished.
[2022-04-14 20:37:03Z INFO ProcessInvokerWrapper] STDOUT/STDERR stream read finished.
[2022-04-14 20:37:03Z INFO ProcessInvokerWrapper] Finished process 36096 with exit code 102, and elapsed time 00:01:43.2637606.
[2022-04-14 20:37:03Z INFO JobDispatcher] Worker finished for job c269f388-e93f-55df-e42c-8ad0a472b48b. Code: 102
[2022-04-14 20:37:03Z INFO JobDispatcher] finish job request for job c269f388-e93f-55df-e42c-8ad0a472b48b with result: Failed
[2022-04-14 20:37:03Z INFO Terminal] WRITE LINE: 2022-04-14 20:37:03Z: Job build (16.x) completed with result: Failed
[2022-04-14 20:37:03Z INFO JobDispatcher] Stop renew job request for job c269f388-e93f-55df-e42c-8ad0a472b48b.
[2022-04-14 20:37:03Z INFO JobDispatcher] job renew has been cancelled, stop renew job request 1.
[2022-04-14 20:37:03Z INFO JobNotification] Entering JobCompleted Notification
[2022-04-14 20:37:03Z INFO JobNotification] Entering EndMonitor
[2022-04-14 20:37:06Z INFO RSAEncryptedFileKeyManager] Loading RSA key parameters from file C:\Users\onose\Desktop\ci-cd-testing-gh-actions\actions-runner\.credentials_rsaparams
[2022-04-14 20:37:06Z INFO MessageListener] Message '2' received from session '027b1ee2-eb31-4dcb-9860-fec1f5b84a88'.
[2022-04-14 20:37:06Z INFO Runner] Received job message of length 21706 from service, with hash '6a543d02e663538c80f51e1254617837fd3d02ecc588d1c6708705ccd992a0bc'
[2022-04-14 20:37:06Z INFO JobDispatcher] Job request 2 for plan 1d56359e-64f8-48eb-ba40-d0bd85a11135 job c269f388-e93f-55df-e42c-8ad0a472b48b received.
[2022-04-14 20:37:06Z INFO JobDispatcher] Pull OrchestrationId 1d56359e-64f8-48eb-ba40-d0bd85a11135.build._16_x from JWT claims
[2022-04-14 20:37:06Z INFO JobDispatcher] Job request c269f388-e93f-55df-e42c-8ad0a472b48b processed succeed.
[2022-04-14 20:37:06Z INFO Terminal] WRITE LINE: 2022-04-14 20:37:06Z: Running job: build (16.x)
[2022-04-14 20:37:06Z INFO JobDispatcher] Start renew job request 2 for job c269f388-e93f-55df-e42c-8ad0a472b48b.
[2022-04-14 20:37:06Z INFO JobDispatcher] Successfully renew job request 2, job is valid till 2022-04-14 8:47:05 PM
[2022-04-14 20:37:06Z INFO HostContext] Well known directory 'Bin': 'C:\Users\onose\Desktop\ci-cd-testing-gh-actions\actions-runner\bin'
[2022-04-14 20:37:06Z INFO ProcessInvokerWrapper] Starting process:
[2022-04-14 20:37:06Z INFO ProcessInvokerWrapper]   File name: 'C:\Users\onose\Desktop\ci-cd-testing-gh-actions\actions-runner\bin\Runner.Worker.exe'
[2022-04-14 20:37:06Z INFO ProcessInvokerWrapper]   Arguments: 'spawnclient 2288 2360'
[2022-04-14 20:37:06Z INFO ProcessInvokerWrapper]   Working directory: 'C:\Users\onose\Desktop\ci-cd-testing-gh-actions\actions-runner\bin'
[2022-04-14 20:37:06Z INFO ProcessInvokerWrapper]   Require exit code zero: 'False'
[2022-04-14 20:37:06Z INFO ProcessInvokerWrapper]   Encoding web name:  ; code page: ''
[2022-04-14 20:37:06Z INFO ProcessInvokerWrapper]   Force kill process on cancellation: 'True'
[2022-04-14 20:37:06Z INFO ProcessInvokerWrapper]   Redirected STDIN: 'False'
[2022-04-14 20:37:06Z INFO ProcessInvokerWrapper]   Persist current code page: 'False'
[2022-04-14 20:37:06Z INFO ProcessInvokerWrapper]   Keep redirected STDIN open: 'False'
[2022-04-14 20:37:06Z INFO ProcessInvokerWrapper]   High priority process: 'True'
[2022-04-14 20:37:06Z INFO ProcessInvokerWrapper] Process started with process id 8684, waiting for process exit.
[2022-04-14 20:37:06Z INFO JobDispatcher] Send job request message to worker for job c269f388-e93f-55df-e42c-8ad0a472b48b.
[2022-04-14 20:37:06Z INFO ProcessChannel] Sending message of length 21706, with hash '6a543d02e663538c80f51e1254617837fd3d02ecc588d1c6708705ccd992a0bc'
[2022-04-14 20:37:06Z INFO JobNotification] Entering JobStarted Notification
[2022-04-14 20:37:06Z INFO JobNotification] Entering StartMonitor
[2022-04-14 20:38:06Z INFO JobDispatcher] Successfully renew job request 2, job is valid till 2022-04-14 8:48:06 PM
[2022-04-14 20:39:06Z INFO JobDispatcher] Successfully renew job request 2, job is valid till 2022-04-14 8:49:06 PM
[2022-04-14 20:40:06Z INFO JobDispatcher] Successfully renew job request 2, job is valid till 2022-04-14 8:50:06 PM
[2022-04-14 20:41:06Z INFO JobDispatcher] Successfully renew job request 2, job is valid till 2022-04-14 8:51:06 PM
[2022-04-14 20:42:09Z INFO JobDispatcher] Successfully renew job request 2, job is valid till 2022-04-14 8:52:09 PM
[2022-04-14 20:43:09Z INFO JobDispatcher] Successfully renew job request 2, job is valid till 2022-04-14 8:53:09 PM
[2022-04-14 20:44:10Z INFO JobDispatcher] Successfully renew job request 2, job is valid till 2022-04-14 8:54:10 PM
[2022-04-14 20:45:10Z INFO JobDispatcher] Successfully renew job request 2, job is valid till 2022-04-14 8:55:10 PM
[2022-04-14 20:46:11Z INFO JobDispatcher] Successfully renew job request 2, job is valid till 2022-04-14 8:56:10 PM
[2022-04-14 20:47:07Z INFO Terminal] WRITE LINE: Exiting...
[2022-04-14 20:47:07Z INFO ConfigurationStore] IsServiceConfigured()
[2022-04-14 20:47:07Z INFO ConfigurationStore] IsServiceConfigured: False
[2022-04-14 20:47:07Z INFO HostContext] Runner will be shutdown for UserCancelled
[2022-04-14 20:47:07Z WARN GitHubActionsService] GET request to https://pipelines.actions.githubusercontent.com/GWqfNwUn0RmWEikrCP3r9iDbkP7q9uHQeh7NKNPGQwoWatqbSE/_apis/distributedtask/pools/1/messages?sessionId=027b1ee2-eb31-4dcb-9860-fec1f5b84a88&lastMessageId=2 has been cancelled.
[2022-04-14 20:47:07Z INFO MessageListener] Get next message has been cancelled.
[2022-04-14 20:47:07Z INFO JobDispatcher] Shutting down JobDispatcher. Make sure all WorkerDispatcher has finished.
[2022-04-14 20:47:07Z INFO JobDispatcher] Ensure WorkerDispather for job c269f388-e93f-55df-e42c-8ad0a472b48b run to finish, cancel any running job.
[2022-04-14 20:47:07Z INFO JobDispatcher] Send job cancellation message to worker for job c269f388-e93f-55df-e42c-8ad0a472b48b.
[2022-04-14 20:47:07Z INFO ProcessChannel] Sending message of length 0, with hash 'e3b0c44298fc1c149afbf4c8996fb92427ae41e4649b934ca495991b7852b855'
[2022-04-14 20:47:11Z INFO JobDispatcher] Successfully renew job request 2, job is valid till 2022-04-14 8:57:10 PM
[2022-04-14 20:47:11Z INFO ProcessInvokerWrapper] STDOUT/STDERR stream read finished.
[2022-04-14 20:47:11Z INFO ProcessInvokerWrapper] STDOUT/STDERR stream read finished.
[2022-04-14 20:47:11Z INFO ProcessInvokerWrapper] Finished process 8684 with exit code 103, and elapsed time 00:10:05.2173652.
[2022-04-14 20:47:11Z INFO JobDispatcher] finish job request for job c269f388-e93f-55df-e42c-8ad0a472b48b with result: Canceled
[2022-04-14 20:47:11Z INFO Terminal] WRITE LINE: 2022-04-14 20:47:11Z: Job build (16.x) completed with result: Canceled
[2022-04-14 20:47:11Z INFO JobDispatcher] Stop renew job request for job c269f388-e93f-55df-e42c-8ad0a472b48b.
[2022-04-14 20:47:11Z INFO JobDispatcher] job renew has been cancelled, stop renew job request 2.
[2022-04-14 20:47:11Z INFO JobNotification] Entering JobCompleted Notification
[2022-04-14 20:47:11Z INFO JobNotification] Entering EndMonitor
[2022-04-14 20:47:11Z INFO Listener] Runner execution been cancelled.
