[2022-04-14 20:27:59Z INFO HostContext] No proxy settings were found based on environmental variables (http_proxy/https_proxy/HTTP_PROXY/HTTPS_PROXY)
[2022-04-14 20:27:59Z INFO HostContext] Well known directory 'Bin': 'C:\Users\onose\Desktop\ci-cd-testing-gh-actions\actions-runner\bin'
[2022-04-14 20:27:59Z INFO HostContext] Well known directory 'Root': 'C:\Users\onose\Desktop\ci-cd-testing-gh-actions\actions-runner'
[2022-04-14 20:27:59Z INFO HostContext] Well known config file 'Credentials': 'C:\Users\onose\Desktop\ci-cd-testing-gh-actions\actions-runner\.credentials'
[2022-04-14 20:27:59Z INFO HostContext] Well known directory 'Bin': 'C:\Users\onose\Desktop\ci-cd-testing-gh-actions\actions-runner\bin'
[2022-04-14 20:27:59Z INFO HostContext] Well known directory 'Root': 'C:\Users\onose\Desktop\ci-cd-testing-gh-actions\actions-runner'
[2022-04-14 20:27:59Z INFO HostContext] Well known config file 'Runner': 'C:\Users\onose\Desktop\ci-cd-testing-gh-actions\actions-runner\.runner'
[2022-04-14 20:27:59Z INFO Listener] Runner is built for Windows (X64) - win-x64.
[2022-04-14 20:27:59Z INFO Listener] RuntimeInformation: Microsoft Windows 10.0.22000.
[2022-04-14 20:27:59Z INFO Listener] Version: 2.289.2
[2022-04-14 20:27:59Z INFO Listener] Commit: 529e404063bef464e93475d93affe93f97080dd1
[2022-04-14 20:27:59Z INFO Listener] Culture: en-CA
[2022-04-14 20:27:59Z INFO Listener] UI Culture: en-US
[2022-04-14 20:27:59Z INFO HostContext] Well known directory 'Bin': 'C:\Users\onose\Desktop\ci-cd-testing-gh-actions\actions-runner\bin'
[2022-04-14 20:27:59Z INFO HostContext] Well known directory 'Root': 'C:\Users\onose\Desktop\ci-cd-testing-gh-actions\actions-runner'
[2022-04-14 20:27:59Z INFO Listener] Validating directory permissions for: 'C:\Users\onose\Desktop\ci-cd-testing-gh-actions\actions-runner'
[2022-04-14 20:27:59Z INFO CommandLineParser] Parse
[2022-04-14 20:27:59Z INFO CommandLineParser] Parsing 5 args
[2022-04-14 20:27:59Z INFO CommandLineParser] parsing argument
[2022-04-14 20:27:59Z INFO CommandLineParser] HasArgs: False
[2022-04-14 20:27:59Z INFO CommandLineParser] Adding Command: configure
[2022-04-14 20:27:59Z INFO CommandLineParser] parsing argument
[2022-04-14 20:27:59Z INFO CommandLineParser] HasArgs: True
[2022-04-14 20:27:59Z INFO CommandLineParser] arg: url
[2022-04-14 20:27:59Z INFO CommandLineParser] parsing argument
[2022-04-14 20:27:59Z INFO CommandLineParser] HasArgs: True
[2022-04-14 20:27:59Z INFO CommandLineParser] Adding option 'url': 'https://github.com/OnosenAziegbe/ci-cd-testing-gh-actions'
[2022-04-14 20:27:59Z INFO CommandLineParser] parsing argument
[2022-04-14 20:27:59Z INFO CommandLineParser] HasArgs: True
[2022-04-14 20:27:59Z INFO CommandLineParser] arg: token
[2022-04-14 20:27:59Z INFO CommandLineParser] parsing argument
[2022-04-14 20:27:59Z INFO CommandLineParser] HasArgs: True
[2022-04-14 20:27:59Z INFO CommandLineParser] Adding option 'token': '***'
[2022-04-14 20:27:59Z INFO Listener] Arguments parsed
[2022-04-14 20:27:59Z INFO Runner] ExecuteCommand
[2022-04-14 20:27:59Z INFO ConfigurationStore] currentAssemblyLocation: C:\Users\onose\Desktop\ci-cd-testing-gh-actions\actions-runner\bin\Runner.Listener.dll
[2022-04-14 20:27:59Z INFO HostContext] Well known directory 'Bin': 'C:\Users\onose\Desktop\ci-cd-testing-gh-actions\actions-runner\bin'
[2022-04-14 20:27:59Z INFO ConfigurationStore] binPath: C:\Users\onose\Desktop\ci-cd-testing-gh-actions\actions-runner\bin
[2022-04-14 20:27:59Z INFO HostContext] Well known directory 'Bin': 'C:\Users\onose\Desktop\ci-cd-testing-gh-actions\actions-runner\bin'
[2022-04-14 20:27:59Z INFO HostContext] Well known directory 'Root': 'C:\Users\onose\Desktop\ci-cd-testing-gh-actions\actions-runner'
[2022-04-14 20:27:59Z INFO ConfigurationStore] RootFolder: C:\Users\onose\Desktop\ci-cd-testing-gh-actions\actions-runner
[2022-04-14 20:27:59Z INFO HostContext] Well known directory 'Bin': 'C:\Users\onose\Desktop\ci-cd-testing-gh-actions\actions-runner\bin'
[2022-04-14 20:27:59Z INFO HostContext] Well known directory 'Root': 'C:\Users\onose\Desktop\ci-cd-testing-gh-actions\actions-runner'
[2022-04-14 20:27:59Z INFO HostContext] Well known config file 'Runner': 'C:\Users\onose\Desktop\ci-cd-testing-gh-actions\actions-runner\.runner'
[2022-04-14 20:27:59Z INFO ConfigurationStore] ConfigFilePath: C:\Users\onose\Desktop\ci-cd-testing-gh-actions\actions-runner\.runner
[2022-04-14 20:27:59Z INFO HostContext] Well known directory 'Bin': 'C:\Users\onose\Desktop\ci-cd-testing-gh-actions\actions-runner\bin'
[2022-04-14 20:27:59Z INFO HostContext] Well known directory 'Root': 'C:\Users\onose\Desktop\ci-cd-testing-gh-actions\actions-runner'
[2022-04-14 20:27:59Z INFO HostContext] Well known config file 'Credentials': 'C:\Users\onose\Desktop\ci-cd-testing-gh-actions\actions-runner\.credentials'
[2022-04-14 20:27:59Z INFO ConfigurationStore] CredFilePath: C:\Users\onose\Desktop\ci-cd-testing-gh-actions\actions-runner\.credentials
[2022-04-14 20:27:59Z INFO HostContext] Well known directory 'Bin': 'C:\Users\onose\Desktop\ci-cd-testing-gh-actions\actions-runner\bin'
[2022-04-14 20:27:59Z INFO HostContext] Well known directory 'Root': 'C:\Users\onose\Desktop\ci-cd-testing-gh-actions\actions-runner'
[2022-04-14 20:27:59Z INFO HostContext] Well known config file 'MigratedCredentials': 'C:\Users\onose\Desktop\ci-cd-testing-gh-actions\actions-runner\.credentials_migrated'
[2022-04-14 20:27:59Z INFO ConfigurationStore] MigratedCredFilePath: C:\Users\onose\Desktop\ci-cd-testing-gh-actions\actions-runner\.credentials_migrated
[2022-04-14 20:27:59Z INFO HostContext] Well known directory 'Bin': 'C:\Users\onose\Desktop\ci-cd-testing-gh-actions\actions-runner\bin'
[2022-04-14 20:27:59Z INFO HostContext] Well known directory 'Root': 'C:\Users\onose\Desktop\ci-cd-testing-gh-actions\actions-runner'
[2022-04-14 20:27:59Z INFO HostContext] Well known config file 'Service': 'C:\Users\onose\Desktop\ci-cd-testing-gh-actions\actions-runner\.service'
[2022-04-14 20:27:59Z INFO ConfigurationStore] ServiceConfigFilePath: C:\Users\onose\Desktop\ci-cd-testing-gh-actions\actions-runner\.service
[2022-04-14 20:27:59Z INFO CommandSettings] Flag 'help': 'False'
[2022-04-14 20:27:59Z INFO CommandSettings] Flag 'version': 'False'
[2022-04-14 20:27:59Z INFO CommandSettings] Flag 'commit': 'False'
[2022-04-14 20:27:59Z INFO CommandSettings] Flag 'check': 'False'
[2022-04-14 20:27:59Z INFO CommandSettings] Command 'configure': 'True'
[2022-04-14 20:27:59Z INFO Terminal] WRITE LINE: 
[2022-04-14 20:27:59Z INFO Terminal] WRITE LINE: --------------------------------------------------------------------------------
[2022-04-14 20:27:59Z INFO Terminal] WRITE LINE: |        ____ _ _   _   _       _          _        _   _                      |
[2022-04-14 20:27:59Z INFO Terminal] WRITE LINE: |       / ___(_) |_| | | |_   _| |__      / \   ___| |_(_) ___  _ __  ___      |
[2022-04-14 20:27:59Z INFO Terminal] WRITE LINE: |      | |  _| | __| |_| | | | | '_ \    / _ \ / __| __| |/ _ \| '_ \/ __|     |
[2022-04-14 20:27:59Z INFO Terminal] WRITE LINE: |      | |_| | | |_|  _  | |_| | |_) |  / ___ \ (__| |_| | (_) | | | \__ \     |
[2022-04-14 20:27:59Z INFO Terminal] WRITE LINE: |       \____|_|\__|_| |_|\__,_|_.__/  /_/   \_\___|\__|_|\___/|_| |_|___/     |
[2022-04-14 20:27:59Z INFO Terminal] WRITE LINE: |                                                                              |
[2022-04-14 20:27:59Z INFO Terminal] WRITE: |                       
[2022-04-14 20:27:59Z INFO Terminal] WRITE: Self-hosted runner registration
[2022-04-14 20:27:59Z INFO Terminal] WRITE LINE:                         |
[2022-04-14 20:27:59Z INFO Terminal] WRITE LINE: |                                                                              |
[2022-04-14 20:27:59Z INFO Terminal] WRITE LINE: --------------------------------------------------------------------------------
[2022-04-14 20:27:59Z INFO ConfigurationManager] ConfigureAsync
[2022-04-14 20:27:59Z INFO ConfigurationStore] IsConfigured()
[2022-04-14 20:27:59Z INFO ConfigurationStore] IsConfigured: False
[2022-04-14 20:27:59Z INFO ConfigurationManager] Is configured: False
[2022-04-14 20:27:59Z INFO CommandSettings] Arg 'url': 'https://github.com/OnosenAziegbe/ci-cd-testing-gh-actions'
[2022-04-14 20:27:59Z INFO CommandSettings] Remove url from Arg dictionary.
[2022-04-14 20:27:59Z INFO CommandSettings] Arg 'token': '***'
[2022-04-14 20:27:59Z INFO CommandSettings] Remove token from Arg dictionary.
[2022-04-14 20:28:00Z INFO ConfigurationManager] Http response code: OK from 'POST https://api.github.com/actions/runner-registration'
[2022-04-14 20:28:00Z INFO ConfigurationManager] cred retrieved via GitHub auth
[2022-04-14 20:28:00Z INFO RunnerServer] Establish connection with 100 seconds timeout.
[2022-04-14 20:28:00Z INFO GitHubActionsService] Starting operation Location.GetConnectionData
[2022-04-14 20:28:00Z INFO RunnerServer] Establish connection with 60 seconds timeout.
[2022-04-14 20:28:00Z INFO GitHubActionsService] Starting operation Location.GetConnectionData
[2022-04-14 20:28:00Z INFO RunnerServer] Establish connection with 60 seconds timeout.
[2022-04-14 20:28:00Z INFO GitHubActionsService] Starting operation Location.GetConnectionData
[2022-04-14 20:28:01Z INFO GitHubActionsService] Finished operation Location.GetConnectionData
[2022-04-14 20:28:01Z INFO GitHubActionsService] Finished operation Location.GetConnectionData
[2022-04-14 20:28:01Z INFO GitHubActionsService] Finished operation Location.GetConnectionData
[2022-04-14 20:28:01Z INFO Terminal] WRITE LINE: 
[2022-04-14 20:28:01Z INFO ConfigurationManager] Test Connection complete.
[2022-04-14 20:28:01Z INFO HostContext] Well known directory 'Bin': 'C:\Users\onose\Desktop\ci-cd-testing-gh-actions\actions-runner\bin'
[2022-04-14 20:28:01Z INFO HostContext] Well known directory 'Root': 'C:\Users\onose\Desktop\ci-cd-testing-gh-actions\actions-runner'
[2022-04-14 20:28:01Z INFO HostContext] Well known config file 'RSACredentials': 'C:\Users\onose\Desktop\ci-cd-testing-gh-actions\actions-runner\.credentials_rsaparams'
[2022-04-14 20:28:01Z INFO RSAEncryptedFileKeyManager] Found existing RSA key parameters file C:\Users\onose\Desktop\ci-cd-testing-gh-actions\actions-runner\.credentials_rsaparams
[2022-04-14 20:28:01Z INFO CommandSettings] Arg 'runnergroup': ''
[2022-04-14 20:28:01Z INFO CommandSettings] Flag 'unattended': 'False'
[2022-04-14 20:28:01Z INFO PromptManager] ReadValue
[2022-04-14 20:28:01Z INFO Terminal] WRITE: Enter the name of the runner group to add this runner to: 
[2022-04-14 20:28:01Z INFO Terminal] WRITE: [press Enter for Default] 
[2022-04-14 20:28:01Z INFO Terminal] READ LINE
[2022-04-14 20:28:03Z INFO Terminal] Read value: ''
[2022-04-14 20:28:03Z INFO PromptManager] Falling back to the default: 'Default'
[2022-04-14 20:28:03Z INFO Terminal] WRITE LINE: 
[2022-04-14 20:28:03Z INFO ConfigurationManager] Found a self-hosted runner group with id 1 and name Default
[2022-04-14 20:28:03Z INFO CommandSettings] Flag 'disableupdate': 'False'
[2022-04-14 20:28:03Z INFO CommandSettings] Flag 'ephemeral': 'False'
[2022-04-14 20:28:03Z INFO CommandSettings] Arg 'name': ''
[2022-04-14 20:28:03Z INFO CommandSettings] Flag 'unattended': 'False'
[2022-04-14 20:28:03Z INFO PromptManager] ReadValue
[2022-04-14 20:28:03Z INFO Terminal] WRITE: Enter the name of runner: 
[2022-04-14 20:28:03Z INFO Terminal] WRITE: [press Enter for DESKTOP-7J6CBI9] 
[2022-04-14 20:28:03Z INFO Terminal] READ LINE
[2022-04-14 20:28:10Z INFO Terminal] Read value: ''
[2022-04-14 20:28:10Z INFO PromptManager] Falling back to the default: 'DESKTOP-7J6CBI9'
[2022-04-14 20:28:10Z INFO Terminal] WRITE LINE: 
[2022-04-14 20:28:10Z INFO CommandSettings] Arg 'labels': ''
[2022-04-14 20:28:10Z INFO CommandSettings] Flag 'unattended': 'False'
[2022-04-14 20:28:10Z INFO PromptManager] ReadValue
[2022-04-14 20:28:10Z INFO Terminal] WRITE: This runner will have the following labels: 'self-hosted', 'Windows', 'X64' 
Enter any additional labels (ex. label-1,label-2): 
[2022-04-14 20:28:10Z INFO Terminal] WRITE: [press Enter to skip] 
[2022-04-14 20:28:10Z INFO Terminal] READ LINE
[2022-04-14 20:28:29Z INFO Terminal] Read value: ''
[2022-04-14 20:28:29Z INFO Terminal] WRITE LINE: 
[2022-04-14 20:28:29Z INFO CommandSettings] Flag 'disableupdate': 'False'
[2022-04-14 20:28:30Z INFO CommandSettings] Flag 'disableupdate': 'False'
[2022-04-14 20:28:30Z INFO CommandSettings] Flag 'ephemeral': 'False'
[2022-04-14 20:28:30Z INFO ConfigurationStore] Saving OAuth credential @ C:\Users\onose\Desktop\ci-cd-testing-gh-actions\actions-runner\.credentials
[2022-04-14 20:28:30Z INFO ConfigurationStore] Credentials Saved.
[2022-04-14 20:28:30Z INFO ConfigurationStore] HasCredentials()
[2022-04-14 20:28:30Z INFO ConfigurationStore] stored True
[2022-04-14 20:28:30Z INFO CredentialManager] GetCredentialProvider
[2022-04-14 20:28:30Z INFO CredentialManager] Creating type OAuth
[2022-04-14 20:28:30Z INFO CredentialManager] Creating credential type: OAuth
[2022-04-14 20:28:30Z INFO RSAEncryptedFileKeyManager] Loading RSA key parameters from file C:\Users\onose\Desktop\ci-cd-testing-gh-actions\actions-runner\.credentials_rsaparams
[2022-04-14 20:28:30Z INFO RunnerServer] Establish connection with 100 seconds timeout.
[2022-04-14 20:28:30Z INFO GitHubActionsService] Starting operation Location.GetConnectionData
[2022-04-14 20:28:30Z INFO RunnerServer] Establish connection with 60 seconds timeout.
[2022-04-14 20:28:30Z INFO GitHubActionsService] Starting operation Location.GetConnectionData
[2022-04-14 20:28:30Z INFO RunnerServer] Establish connection with 60 seconds timeout.
[2022-04-14 20:28:30Z INFO GitHubActionsService] Starting operation Location.GetConnectionData
[2022-04-14 20:28:30Z INFO GitHubActionsService] Finished operation Location.GetConnectionData
[2022-04-14 20:28:30Z INFO GitHubActionsService] Finished operation Location.GetConnectionData
[2022-04-14 20:28:30Z INFO GitHubActionsService] Finished operation Location.GetConnectionData
[2022-04-14 20:28:30Z WARN GitHubActionsService] Authentication failed with status code 401.
Transfer-Encoding: chunked
WWW-Authenticate: Bearer
Strict-Transport-Security: max-age=2592000
X-TFS-ProcessId: 1abdd8f7-aede-4694-9698-06f40c572901
ActivityId: bfae5643-a3b2-4a47-9216-5ae0d65b51bf
X-TFS-Session: f4b3e61f-691b-4bda-b5fb-b6e2bd25c077
X-VSS-E2EID: ed972f3e-ac51-4d2d-bf20-5a8b97e9bef1
X-VSS-SenderDeploymentId: 63be6134-28d1-8c82-e969-91f4e88fcdec
X-TFS-ServiceError: The+user+%27System%3aPublicAccess%3baaaaaaaa-aaaa-aaaa-aaaa-aaaaaaaaaaaa%27+is+not+authorized+to+access+this+resource.
X-VSS-S2STargetService: 0000005A-0000-8888-8000-000000000000/visualstudio.com
X-Cache: CONFIG_NOCACHE
X-MSEdge-Ref: Ref A: 0C21D1693E4B4C7A8EA1128FA4038B85 Ref B: YTO01EDGE0421 Ref C: 2022-04-14T20:28:30Z
Date: Thu, 14 Apr 2022 20:28:29 GMT

[2022-04-14 20:28:30Z INFO RSAEncryptedFileKeyManager] Loading RSA key parameters from file C:\Users\onose\Desktop\ci-cd-testing-gh-actions\actions-runner\.credentials_rsaparams
[2022-04-14 20:28:30Z INFO RSAEncryptedFileKeyManager] Loading RSA key parameters from file C:\Users\onose\Desktop\ci-cd-testing-gh-actions\actions-runner\.credentials_rsaparams
[2022-04-14 20:28:31Z INFO GitHubActionsService] AAD Correlation ID for this token request: Unknown
[2022-04-14 20:28:31Z INFO CommandSettings] Arg 'work': ''
[2022-04-14 20:28:31Z INFO CommandSettings] Flag 'unattended': 'False'
[2022-04-14 20:28:31Z INFO PromptManager] ReadValue
[2022-04-14 20:28:31Z INFO Terminal] WRITE: Enter name of work folder: 
[2022-04-14 20:28:31Z INFO Terminal] WRITE: [press Enter for _work] 
[2022-04-14 20:28:31Z INFO Terminal] READ LINE
[2022-04-14 20:28:42Z INFO Terminal] Read value: 'deploy'
[2022-04-14 20:28:42Z INFO ConfigurationStore] Saving runner settings.
[2022-04-14 20:28:42Z INFO ConfigurationStore] Settings Saved.
[2022-04-14 20:28:42Z INFO Terminal] WRITE LINE: 
[2022-04-14 20:28:42Z INFO Terminal] WRITE LINE: 
[2022-04-14 20:28:42Z INFO CommandSettings] Flag 'runasservice': 'False'
[2022-04-14 20:28:42Z INFO CommandSettings] Flag 'unattended': 'False'
[2022-04-14 20:28:42Z INFO PromptManager] ReadValue
[2022-04-14 20:28:42Z INFO Terminal] WRITE: Would you like to run the runner as service? (Y/N) 
[2022-04-14 20:28:42Z INFO Terminal] WRITE: [press Enter for N] 
[2022-04-14 20:28:42Z INFO Terminal] READ LINE
[2022-04-14 20:29:17Z INFO Terminal] Read value: 'Y'
[2022-04-14 20:29:17Z INFO ConfigurationManager] Configuring to run the agent as service
[2022-04-14 20:29:17Z ERR  WindowsServiceControlManager] Needs Administrator privileges for configure runner as windows service.
[2022-04-14 20:29:17Z ERR  Runner] System.Security.SecurityException: Needs Administrator privileges for configuring runner as windows service.
   at GitHub.Runner.Listener.Configuration.WindowsServiceControlManager.ConfigureService(RunnerSettings settings, CommandSettings command)
   at GitHub.Runner.Listener.Configuration.ConfigurationManager.ConfigureAsync(CommandSettings command)
   at GitHub.Runner.Listener.Runner.ExecuteCommand(CommandSettings command)
[2022-04-14 20:29:17Z ERR  Terminal] WRITE ERROR: Needs Administrator privileges for configuring runner as windows service.
[2022-04-14 20:29:17Z INFO Listener] Runner execution has finished with return code 1
